Determining if the pthread_create exist failed with the following output:
Change Dir: /home/seungwon/catkin_ws/build/CMakeFiles/CMakeTmp

Run Build Command:"/usr/bin/make" "cmTC_ffdcb/fast"
/usr/bin/make -f CMakeFiles/cmTC_ffdcb.dir/build.make CMakeFiles/cmTC_ffdcb.dir/build
make[1]: Entering directory '/home/seungwon/catkin_ws/build/CMakeFiles/CMakeTmp'
Building C object CMakeFiles/cmTC_ffdcb.dir/CheckSymbolExists.c.o
/usr/bin/cc    -o CMakeFiles/cmTC_ffdcb.dir/CheckSymbolExists.c.o   -c /home/seungwon/catkin_ws/build/CMakeFiles/CMakeTmp/CheckSymbolExists.c
Linking C executable cmTC_ffdcb
/usr/bin/cmake -E cmake_link_script CMakeFiles/cmTC_ffdcb.dir/link.txt --verbose=1
/usr/bin/cc      -rdynamic CMakeFiles/cmTC_ffdcb.dir/CheckSymbolExists.c.o  -o cmTC_ffdcb 
CMakeFiles/cmTC_ffdcb.dir/CheckSymbolExists.c.o: In function `main':
CheckSymbolExists.c:(.text+0x1b): undefined reference to `pthread_create'
collect2: error: ld returned 1 exit status
CMakeFiles/cmTC_ffdcb.dir/build.make:97: recipe for target 'cmTC_ffdcb' failed
make[1]: *** [cmTC_ffdcb] Error 1
make[1]: Leaving directory '/home/seungwon/catkin_ws/build/CMakeFiles/CMakeTmp'
Makefile:126: recipe for target 'cmTC_ffdcb/fast' failed
make: *** [cmTC_ffdcb/fast] Error 2

File /home/seungwon/catkin_ws/build/CMakeFiles/CMakeTmp/CheckSymbolExists.c:
/* */
#include <pthread.h>

int main(int argc, char** argv)
{
  (void)argv;
#ifndef pthread_create
  return ((int*)(&pthread_create))[argc];
#else
  (void)argc;
  return 0;
#endif
}

Determining if the function pthread_create exists in the pthreads failed with the following output:
Change Dir: /home/seungwon/catkin_ws/build/CMakeFiles/CMakeTmp

Run Build Command:"/usr/bin/make" "cmTC_43e8e/fast"
/usr/bin/make -f CMakeFiles/cmTC_43e8e.dir/build.make CMakeFiles/cmTC_43e8e.dir/build
make[1]: Entering directory '/home/seungwon/catkin_ws/build/CMakeFiles/CMakeTmp'
Building C object CMakeFiles/cmTC_43e8e.dir/CheckFunctionExists.c.o
/usr/bin/cc   -DCHECK_FUNCTION_EXISTS=pthread_create   -o CMakeFiles/cmTC_43e8e.dir/CheckFunctionExists.c.o   -c /usr/share/cmake-3.10/Modules/CheckFunctionExists.c
Linking C executable cmTC_43e8e
/usr/bin/cmake -E cmake_link_script CMakeFiles/cmTC_43e8e.dir/link.txt --verbose=1
/usr/bin/cc  -DCHECK_FUNCTION_EXISTS=pthread_create    -rdynamic CMakeFiles/cmTC_43e8e.dir/CheckFunctionExists.c.o  -o cmTC_43e8e -lpthreads 
/usr/bin/ld: cannot find -lpthreads
collect2: error: ld returned 1 exit status
CMakeFiles/cmTC_43e8e.dir/build.make:97: recipe for target 'cmTC_43e8e' failed
make[1]: *** [cmTC_43e8e] Error 1
make[1]: Leaving directory '/home/seungwon/catkin_ws/build/CMakeFiles/CMakeTmp'
Makefile:126: recipe for target 'cmTC_43e8e/fast' failed
make: *** [cmTC_43e8e/fast] Error 2


